#
# A fatal error has been detected by the Java Runtime Environment:
#
#  Internal Error (javaClasses.cpp:139), pid=17689, tid=139957285230336
#  fatal error: Invalid layout of preloaded class
#
# JRE version:  (7.0_79-b14) (build )
# Java VM: OpenJDK 64-Bit Server VM (24.79-b02 mixed mode linux-amd64 compressed oops)
# Derivative: IcedTea 2.5.5
# Distribution: Ubuntu 14.04 LTS, package 7u79-2.5.5-0ubuntu0.14.04.2
# Failed to write core dump. Core dumps have been disabled. To enable core dumping, try "ulimit -c unlimited" before starting Java again
#
# If you would like to submit a bug report, please include
# instructions on how to reproduce the bug and visit:
#   http://icedtea.classpath.org/bugzilla
#

---------------  T H R E A D  ---------------

Current thread (0x00007f4a5000a000):  JavaThread "Unknown thread" [_thread_in_vm, id=17695, stack(0x00007f4a58351000,0x00007f4a58452000)]

Stack: [0x00007f4a58351000,0x00007f4a58452000],  sp=0x00007f4a58450900,  free space=1022k
Native frames: (J=compiled Java code, j=interpreted, Vv=VM code, C=native code)
V  [libjvm.so+0x94aec5]  VMError::report_and_die()+0x175
V  [libjvm.so+0x48b934]  report_fatal(char const*, int, char const*)+0x54
V  [libjvm.so+0x5e8d30]  compute_offset(int&, klassOopDesc*, Symbol*, Symbol*, bool) [clone .constprop.120]+0xc0
V  [libjvm.so+0x5e8e06]  java_lang_String::compute_offsets()+0x36
V  [libjvm.so+0x8cf96c]  SystemDictionary::initialize_preloaded_classes(Thread*)+0xcc
V  [libjvm.so+0x91b218]  Universe::genesis(Thread*)+0x468
V  [libjvm.so+0x91b824]  universe2_init()+0x24
V  [libjvm.so+0x59d2ea]  init_globals()+0x9a
V  [libjvm.so+0x8fe64f]  Threads::create_vm(JavaVMInitArgs*, bool*)+0x35f
V  [libjvm.so+0x608624]  JNI_CreateJavaVM+0x54
C  [libjli.so+0x2b48]


---------------  P R O C E S S  ---------------

Java Threads: ( => current thread )

Other Threads:

=>0x00007f4a5000a000 (exited) JavaThread "Unknown thread" [_thread_in_vm, id=17695, stack(0x00007f4a58351000,0x00007f4a58452000)]

VM state:not at safepoint (not fully initialized)

VM Mutex/Monitor currently owned by a thread: None

GC Heap History (0 events):
No events

Deoptimization events (0 events):
No events

Internal exceptions (0 events):
No events

Events (10 events):
Event: 0.011 loading class 0x00007f4a4cfa5710 done
Event: 0.012 loading class 0x00007f4a4cfa5110 done
Event: 0.012 loading class 0x00007f4a4cfa50f0
Event: 0.012 loading class 0x00007f4a4cfad1a0
Event: 0.012 loading class 0x00007f4a4cfad1a0 done
Event: 0.012 loading class 0x00007f4a4cfad1d0
Event: 0.012 loading class 0x00007f4a4cfad1d0 done
Event: 0.012 loading class 0x00007f4a4cfad200
Event: 0.012 loading class 0x00007f4a4cfad200 done
Event: 0.012 loading class 0x00007f4a4cfa50f0 done


Dynamic libraries:
00400000-00401000 r-xp 00000000 08:02 4983814                            /usr/lib/jvm/java-7-openjdk-amd64/jre/bin/java
00600000-00601000 r--p 00000000 08:02 4983814                            /usr/lib/jvm/java-7-openjdk-amd64/jre/bin/java
00601000-00602000 rw-p 00001000 08:02 4983814                            /usr/lib/jvm/java-7-openjdk-amd64/jre/bin/java
00dbe000-00ddf000 rw-p 00000000 00:00 0                                  [heap]
77a800000-77bd00000 rw-p 00000000 00:00 0 
77bd00000-784e00000 rw-p 00000000 00:00 0 
784e00000-78a000000 rw-p 00000000 00:00 0 
78a000000-7d6f00000 rw-p 00000000 00:00 0 
7d6f00000-7d9800000 rw-p 00000000 00:00 0 
7d9800000-800000000 rw-p 00000000 00:00 0 
7f4a33d40000-7f4a38000000 rw-p 00000000 00:00 0 
7f4a38000000-7f4a38021000 rw-p 00000000 00:00 0 
7f4a38021000-7f4a3c000000 ---p 00000000 00:00 0 
7f4a3c000000-7f4a3c021000 rw-p 00000000 00:00 0 
7f4a3c021000-7f4a40000000 ---p 00000000 00:00 0 
7f4a40000000-7f4a40021000 rw-p 00000000 00:00 0 
7f4a40021000-7f4a44000000 ---p 00000000 00:00 0 
7f4a48000000-7f4a48021000 rw-p 00000000 00:00 0 
7f4a48021000-7f4a4c000000 ---p 00000000 00:00 0 
7f4a4cbf7000-7f4a4ce58000 rw-p 00000000 00:00 0 
7f4a4ce58000-7f4a4cf2f000 r--s 013fe000 08:02 29622983                   /home/jordan/Documents/android-sdk-linux/platforms/android-19/android.jar
7f4a4cf2f000-7f4a4d000000 rw-p 00000000 00:00 0 
7f4a4d000000-7f4a4d270000 rwxp 00000000 00:00 0 
7f4a4d270000-7f4a50056000 rw-p 00000000 00:00 0 
7f4a50056000-7f4a54000000 ---p 00000000 00:00 0 
7f4a54005000-7f4a54483000 rw-p 00000000 00:00 0 
7f4a54483000-7f4a54484000 ---p 00000000 00:00 0 
7f4a54484000-7f4a54584000 rw-p 00000000 00:00 0                          [stack:17699]
7f4a54584000-7f4a54585000 ---p 00000000 00:00 0 
7f4a54585000-7f4a54685000 rw-p 00000000 00:00 0                          [stack:17698]
7f4a54685000-7f4a54686000 ---p 00000000 00:00 0 
7f4a54686000-7f4a54786000 rw-p 00000000 00:00 0                          [stack:17697]
7f4a54786000-7f4a54787000 ---p 00000000 00:00 0 
7f4a54787000-7f4a54892000 rw-p 00000000 00:00 0                          [stack:17696]
7f4a54892000-7f4a548da000 rw-p 00000000 00:00 0 
7f4a548da000-7f4a54903000 rw-p 00000000 00:00 0 
7f4a54903000-7f4a54b6b000 rw-p 00000000 00:00 0 
7f4a54b6b000-7f4a54b76000 rw-p 00000000 00:00 0 
7f4a54b76000-7f4a54bbe000 rw-p 00000000 00:00 0 
7f4a54bbe000-7f4a54be7000 rw-p 00000000 00:00 0 
7f4a54be7000-7f4a54e4e000 rw-p 00000000 00:00 0 
7f4a54e4e000-7f4a54e63000 rw-p 00000000 00:00 0 
7f4a54e63000-7f4a54f97000 rw-p 00000000 00:00 0 
7f4a54f97000-7f4a54f98000 rw-p 00000000 00:00 0 
7f4a54f98000-7f4a54fa0000 r-xp 00000000 08:02 4334904                    /usr/lib/jvm/java-7-openjdk-amd64/jre/lib/amd64/libzip.so
7f4a54fa0000-7f4a5519f000 ---p 00008000 08:02 4334904                    /usr/lib/jvm/java-7-openjdk-amd64/jre/lib/amd64/libzip.so
7f4a5519f000-7f4a551a0000 r--p 00007000 08:02 4334904                    /usr/lib/jvm/java-7-openjdk-amd64/jre/lib/amd64/libzip.so
7f4a551a0000-7f4a551a1000 rw-p 00008000 08:02 4334904                    /usr/lib/jvm/java-7-openjdk-amd64/jre/lib/amd64/libzip.so
7f4a551a1000-7f4a551ac000 r-xp 00000000 08:02 23072694                   /lib/x86_64-linux-gnu/libnss_files-2.19.so
7f4a551ac000-7f4a553ab000 ---p 0000b000 08:02 23072694                   /lib/x86_64-linux-gnu/libnss_files-2.19.so
7f4a553ab000-7f4a553ac000 r--p 0000a000 08:02 23072694                   /lib/x86_64-linux-gnu/libnss_files-2.19.so
7f4a553ac000-7f4a553ad000 rw-p 0000b000 08:02 23072694                   /lib/x86_64-linux-gnu/libnss_files-2.19.so
7f4a553ad000-7f4a553b8000 r-xp 00000000 08:02 23073435                   /lib/x86_64-linux-gnu/libnss_nis-2.19.so
7f4a553b8000-7f4a555b7000 ---p 0000b000 08:02 23073435                   /lib/x86_64-linux-gnu/libnss_nis-2.19.so
7f4a555b7000-7f4a555b8000 r--p 0000a000 08:02 23073435                   /lib/x86_64-linux-gnu/libnss_nis-2.19.so
7f4a555b8000-7f4a555b9000 rw-p 0000b000 08:02 23073435                   /lib/x86_64-linux-gnu/libnss_nis-2.19.so
7f4a555b9000-7f4a555d0000 r-xp 00000000 08:02 23072777                   /lib/x86_64-linux-gnu/libnsl-2.19.so
7f4a555d0000-7f4a557cf000 ---p 00017000 08:02 23072777                   /lib/x86_64-linux-gnu/libnsl-2.19.so
7f4a557cf000-7f4a557d0000 r--p 00016000 08:02 23072777                   /lib/x86_64-linux-gnu/libnsl-2.19.so
7f4a557d0000-7f4a557d1000 rw-p 00017000 08:02 23072777                   /lib/x86_64-linux-gnu/libnsl-2.19.so
7f4a557d1000-7f4a557d3000 rw-p 00000000 00:00 0 
7f4a557d3000-7f4a557dc000 r-xp 00000000 08:02 23072761                   /lib/x86_64-linux-gnu/libnss_compat-2.19.so
7f4a557dc000-7f4a559db000 ---p 00009000 08:02 23072761                   /lib/x86_64-linux-gnu/libnss_compat-2.19.so
7f4a559db000-7f4a559dc000 r--p 00008000 08:02 23072761                   /lib/x86_64-linux-gnu/libnss_compat-2.19.so
7f4a559dc000-7f4a559dd000 rw-p 00009000 08:02 23072761                   /lib/x86_64-linux-gnu/libnss_compat-2.19.so
7f4a559dd000-7f4a55a08000 r-xp 00000000 08:02 4334919                    /usr/lib/jvm/java-7-openjdk-amd64/jre/lib/amd64/libjava.so
7f4a55a08000-7f4a55c08000 ---p 0002b000 08:02 4334919                    /usr/lib/jvm/java-7-openjdk-amd64/jre/lib/amd64/libjava.so
7f4a55c08000-7f4a55c09000 r--p 0002b000 08:02 4334919                    /usr/lib/jvm/java-7-openjdk-amd64/jre/lib/amd64/libjava.so
7f4a55c09000-7f4a55c0b000 rw-p 0002c000 08:02 4334919                    /usr/lib/jvm/java-7-openjdk-amd64/jre/lib/amd64/libjava.so
7f4a55c0b000-7f4a55c1b000 r-xp 00000000 08:02 4334916                    /usr/lib/jvm/java-7-openjdk-amd64/jre/lib/amd64/libverify.so
7f4a55c1b000-7f4a55e1a000 ---p 00010000 08:02 4334916                    /usr/lib/jvm/java-7-openjdk-amd64/jre/lib/amd64/libverify.so
7f4a55e1a000-7f4a55e1c000 r--p 0000f000 08:02 4334916                    /usr/lib/jvm/java-7-openjdk-amd64/jre/lib/amd64/libverify.so
7f4a55e1c000-7f4a55e1d000 rw-p 00011000 08:02 4334916                    /usr/lib/jvm/java-7-openjdk-amd64/jre/lib/amd64/libverify.so
7f4a55e1d000-7f4a55e24000 r-xp 00000000 08:02 23073431                   /lib/x86_64-linux-gnu/librt-2.19.so
7f4a55e24000-7f4a56023000 ---p 00007000 08:02 23073431                   /lib/x86_64-linux-gnu/librt-2.19.so
7f4a56023000-7f4a56024000 r--p 00006000 08:02 23073431                   /lib/x86_64-linux-gnu/librt-2.19.so
7f4a56024000-7f4a56025000 rw-p 00007000 08:02 23073431                   /lib/x86_64-linux-gnu/librt-2.19.so
7f4a56025000-7f4a5603b000 r-xp 00000000 08:02 23072620                   /lib/x86_64-linux-gnu/libgcc_s.so.1
7f4a5603b000-7f4a5623a000 ---p 00016000 08:02 23072620                   /lib/x86_64-linux-gnu/libgcc_s.so.1
7f4a5623a000-7f4a5623b000 rw-p 00015000 08:02 23072620                   /lib/x86_64-linux-gnu/libgcc_s.so.1
7f4a5623b000-7f4a56340000 r-xp 00000000 08:02 23072658                   /lib/x86_64-linux-gnu/libm-2.19.so
7f4a56340000-7f4a5653f000 ---p 00105000 08:02 23072658                   /lib/x86_64-linux-gnu/libm-2.19.so
7f4a5653f000-7f4a56540000 r--p 00104000 08:02 23072658                   /lib/x86_64-linux-gnu/libm-2.19.so
7f4a56540000-7f4a56541000 rw-p 00105000 08:02 23072658                   /lib/x86_64-linux-gnu/libm-2.19.so
7f4a56541000-7f4a56627000 r-xp 00000000 08:02 3809719                    /usr/lib/x86_64-linux-gnu/libstdc++.so.6.0.19
7f4a56627000-7f4a56826000 ---p 000e6000 08:02 3809719                    /usr/lib/x86_64-linux-gnu/libstdc++.so.6.0.19
7f4a56826000-7f4a5682e000 r--p 000e5000 08:02 3809719                    /usr/lib/x86_64-linux-gnu/libstdc++.so.6.0.19
7f4a5682e000-7f4a56830000 rw-p 000ed000 08:02 3809719                    /usr/lib/x86_64-linux-gnu/libstdc++.so.6.0.19
7f4a56830000-7f4a56845000 rw-p 00000000 00:00 0 
7f4a56845000-7f4a5735d000 r-xp 00000000 08:02 4719097                    /usr/lib/jvm/java-7-openjdk-amd64/jre/lib/amd64/server/libjvm.so
7f4a5735d000-7f4a5755d000 ---p 00b18000 08:02 4719097                    /usr/lib/jvm/java-7-openjdk-amd64/jre/lib/amd64/server/libjvm.so
7f4a5755d000-7f4a575f7000 r--p 00b18000 08:02 4719097                    /usr/lib/jvm/java-7-openjdk-amd64/jre/lib/amd64/server/libjvm.so
7f4a575f7000-7f4a5761a000 rw-p 00bb2000 08:02 4719097                    /usr/lib/jvm/java-7-openjdk-amd64/jre/lib/amd64/server/libjvm.so
7f4a5761a000-7f4a57648000 rw-p 00000000 00:00 0 
7f4a57648000-7f4a57660000 r-xp 00000000 08:02 23072806                   /lib/x86_64-linux-gnu/libz.so.1.2.8
7f4a57660000-7f4a5785f000 ---p 00018000 08:02 23072806                   /lib/x86_64-linux-gnu/libz.so.1.2.8
7f4a5785f000-7f4a57860000 r--p 00017000 08:02 23072806                   /lib/x86_64-linux-gnu/libz.so.1.2.8
7f4a57860000-7f4a57861000 rw-p 00018000 08:02 23072806                   /lib/x86_64-linux-gnu/libz.so.1.2.8
7f4a57861000-7f4a5787a000 r-xp 00000000 08:02 23073427                   /lib/x86_64-linux-gnu/libpthread-2.19.so
7f4a5787a000-7f4a57a79000 ---p 00019000 08:02 23073427                   /lib/x86_64-linux-gnu/libpthread-2.19.so
7f4a57a79000-7f4a57a7a000 r--p 00018000 08:02 23073427                   /lib/x86_64-linux-gnu/libpthread-2.19.so
7f4a57a7a000-7f4a57a7b000 rw-p 00019000 08:02 23073427                   /lib/x86_64-linux-gnu/libpthread-2.19.so
7f4a57a7b000-7f4a57a7f000 rw-p 00000000 00:00 0 
7f4a57a7f000-7f4a57a82000 r-xp 00000000 08:02 23072717                   /lib/x86_64-linux-gnu/libdl-2.19.so
7f4a57a82000-7f4a57c81000 ---p 00003000 08:02 23072717                   /lib/x86_64-linux-gnu/libdl-2.19.so
7f4a57c81000-7f4a57c82000 r--p 00002000 08:02 23072717                   /lib/x86_64-linux-gnu/libdl-2.19.so
7f4a57c82000-7f4a57c83000 rw-p 00003000 08:02 23072717                   /lib/x86_64-linux-gnu/libdl-2.19.so
7f4a57c83000-7f4a57e3e000 r-xp 00000000 08:02 23073426                   /lib/x86_64-linux-gnu/libc-2.19.so
7f4a57e3e000-7f4a5803d000 ---p 001bb000 08:02 23073426                   /lib/x86_64-linux-gnu/libc-2.19.so
7f4a5803d000-7f4a58041000 r--p 001ba000 08:02 23073426                   /lib/x86_64-linux-gnu/libc-2.19.so
7f4a58041000-7f4a58043000 rw-p 001be000 08:02 23073426                   /lib/x86_64-linux-gnu/libc-2.19.so
7f4a58043000-7f4a58048000 rw-p 00000000 00:00 0 
7f4a58048000-7f4a58055000 r-xp 00000000 08:02 4458259                    /usr/lib/jvm/java-7-openjdk-amd64/jre/lib/amd64/jli/libjli.so
7f4a58055000-7f4a58254000 ---p 0000d000 08:02 4458259                    /usr/lib/jvm/java-7-openjdk-amd64/jre/lib/amd64/jli/libjli.so
7f4a58254000-7f4a58255000 r--p 0000c000 08:02 4458259                    /usr/lib/jvm/java-7-openjdk-amd64/jre/lib/amd64/jli/libjli.so
7f4a58255000-7f4a58256000 rw-p 0000d000 08:02 4458259                    /usr/lib/jvm/java-7-openjdk-amd64/jre/lib/amd64/jli/libjli.so
7f4a58256000-7f4a58279000 r-xp 00000000 08:02 23073419                   /lib/x86_64-linux-gnu/ld-2.19.so
7f4a58291000-7f4a5829b000 rw-p 00000000 00:00 0 
7f4a5829b000-7f4a58351000 rw-p 00000000 00:00 0 
7f4a58351000-7f4a58354000 ---p 00000000 00:00 0 
7f4a58354000-7f4a58457000 rw-p 00000000 00:00 0                          [stack:17695]
7f4a5846a000-7f4a5846c000 rw-p 00000000 00:00 0 
7f4a5846c000-7f4a58474000 rw-s 00000000 08:02 1454967                    /tmp/hsperfdata_jordan/17689
7f4a58474000-7f4a58475000 rw-p 00000000 00:00 0 
7f4a58475000-7f4a58476000 r--p 00000000 00:00 0 
7f4a58476000-7f4a58478000 rw-p 00000000 00:00 0 
7f4a58478000-7f4a58479000 r--p 00022000 08:02 23073419                   /lib/x86_64-linux-gnu/ld-2.19.so
7f4a58479000-7f4a5847a000 rw-p 00023000 08:02 23073419                   /lib/x86_64-linux-gnu/ld-2.19.so
7f4a5847a000-7f4a5847b000 rw-p 00000000 00:00 0 
7fff93b29000-7fff93b4a000 rw-p 00000000 00:00 0                          [stack]
7fff93bce000-7fff93bd0000 r-xp 00000000 00:00 0                          [vdso]
ffffffffff600000-ffffffffff601000 r-xp 00000000 00:00 0                  [vsyscall]

VM Arguments:
jvm_args: -ea -Dfile.encoding=UTF-8 -Xbootclasspath:/home/jordan/Documents/android-sdk-linux/platforms/android-19/android.jar 
java_command: org.eclipse.jdt.internal.junit.runner.RemoteTestRunner -version 3 -port 45641 -testLoaderClass org.eclipse.jdt.internal.junit.runner.junit3.JUnit3TestLoader -loaderpluginname org.eclipse.jdt.junit.runtime -classNames com.example.cs2114blackjack.GameTest
Launcher Type: SUN_STANDARD

Environment Variables:
PATH=/usr/local/sbin:/usr/local/bin:/usr/sbin:/usr/bin:/sbin:/bin:/usr/games:/usr/local/games
SHELL=/bin/bash
DISPLAY=:0

Signal Handlers:
SIGSEGV: [libjvm.so+0x94b9a0], sa_mask[0]=0x7ffbfeff, sa_flags=0x10000004
SIGBUS: [libjvm.so+0x94b9a0], sa_mask[0]=0x7ffbfeff, sa_flags=0x10000004
SIGFPE: [libjvm.so+0x7c3880], sa_mask[0]=0x7ffbfeff, sa_flags=0x10000004
SIGPIPE: [libjvm.so+0x7c3880], sa_mask[0]=0x7ffbfeff, sa_flags=0x10000004
SIGXFSZ: [libjvm.so+0x7c3880], sa_mask[0]=0x7ffbfeff, sa_flags=0x10000004
SIGILL: [libjvm.so+0x7c3880], sa_mask[0]=0x7ffbfeff, sa_flags=0x10000004
SIGUSR1: SIG_DFL, sa_mask[0]=0x00000000, sa_flags=0x00000000
SIGUSR2: [libjvm.so+0x7c3720], sa_mask[0]=0x00000004, sa_flags=0x10000004
SIGHUP: SIG_DFL, sa_mask[0]=0x00000000, sa_flags=0x00000000
SIGINT: SIG_DFL, sa_mask[0]=0x00000000, sa_flags=0x00000000
SIGTERM: SIG_DFL, sa_mask[0]=0x00000000, sa_flags=0x00000000
SIGQUIT: SIG_DFL, sa_mask[0]=0x00000000, sa_flags=0x00000000
SIGTRAP: SIG_DFL, sa_mask[0]=0x00000000, sa_flags=0x00000000


---------------  S Y S T E M  ---------------

OS:Ubuntu 14.04 (trusty)
uname:Linux 3.13.0-49-generic #83-Ubuntu SMP Fri Apr 10 20:11:33 UTC 2015 x86_64
libc:glibc 2.19 NPTL 2.19 
rlimit: STACK 8192k, CORE 0k, NPROC 62276, NOFILE 4096, AS infinity
load average:1.64 1.48 1.20

/proc/meminfo:
MemTotal:        8064356 kB
MemFree:          763860 kB
Buffers:           93736 kB
Cached:          4046464 kB
SwapCached:        20480 kB
Active:          4617920 kB
Inactive:        2378060 kB
Active(anon):    2845864 kB
Inactive(anon):  1104116 kB
Active(file):    1772056 kB
Inactive(file):  1273944 kB
Unevictable:          32 kB
Mlocked:              32 kB
SwapTotal:       8275964 kB
SwapFree:        7930656 kB
Dirty:              1672 kB
Writeback:             0 kB
AnonPages:       2839572 kB
Mapped:           441800 kB
Shmem:           1094200 kB
Slab:             166008 kB
SReclaimable:     113896 kB
SUnreclaim:        52112 kB
KernelStack:        5056 kB
PageTables:        39548 kB
NFS_Unstable:          0 kB
Bounce:                0 kB
WritebackTmp:          0 kB
CommitLimit:    12308140 kB
Committed_AS:   10425704 kB
VmallocTotal:   34359738367 kB
VmallocUsed:      364900 kB
VmallocChunk:   34359284924 kB
HardwareCorrupted:     0 kB
AnonHugePages:    886784 kB
HugePages_Total:       0
HugePages_Free:        0
HugePages_Rsvd:        0
HugePages_Surp:        0
Hugepagesize:       2048 kB
DirectMap4k:       86840 kB
DirectMap2M:     3995648 kB
DirectMap1G:     4194304 kB


CPU:total 4 (2 cores per cpu, 2 threads per core) family 6 model 69 stepping 1, cmov, cx8, fxsr, mmx, sse, sse2, sse3, ssse3, sse4.1, sse4.2, popcnt, avx, avx2, aes, erms, ht, tsc, tscinvbit

/proc/cpuinfo:
processor	: 0
vendor_id	: GenuineIntel
cpu family	: 6
model		: 69
model name	: Intel(R) Core(TM) i5-4300U CPU @ 1.90GHz
stepping	: 1
microcode	: 0x17
cpu MHz		: 1900.000
cache size	: 3072 KB
physical id	: 0
siblings	: 4
core id		: 0
cpu cores	: 2
apicid		: 0
initial apicid	: 0
fpu		: yes
fpu_exception	: yes
cpuid level	: 13
wp		: yes
flags		: fpu vme de pse tsc msr pae mce cx8 apic sep mtrr pge mca cmov pat pse36 clflush dts acpi mmx fxsr sse sse2 ss ht tm pbe syscall nx pdpe1gb rdtscp lm constant_tsc arch_perfmon pebs bts rep_good nopl xtopology nonstop_tsc aperfmperf eagerfpu pni pclmulqdq dtes64 monitor ds_cpl vmx smx est tm2 ssse3 fma cx16 xtpr pdcm pcid sse4_1 sse4_2 x2apic movbe popcnt tsc_deadline_timer aes xsave avx f16c rdrand lahf_lm abm ida arat epb xsaveopt pln pts dtherm tpr_shadow vnmi flexpriority ept vpid fsgsbase tsc_adjust bmi1 hle avx2 smep bmi2 erms invpcid rtm
bogomips	: 4988.92
clflush size	: 64
cache_alignment	: 64
address sizes	: 39 bits physical, 48 bits virtual
power management:

processor	: 1
vendor_id	: GenuineIntel
cpu family	: 6
model		: 69
model name	: Intel(R) Core(TM) i5-4300U CPU @ 1.90GHz
stepping	: 1
microcode	: 0x17
cpu MHz		: 1900.000
cache size	: 3072 KB
physical id	: 0
siblings	: 4
core id		: 0
cpu cores	: 2
apicid		: 1
initial apicid	: 1
fpu		: yes
fpu_exception	: yes
cpuid level	: 13
wp		: yes
flags		: fpu vme de pse tsc msr pae mce cx8 apic sep mtrr pge mca cmov pat pse36 clflush dts acpi mmx fxsr sse sse2 ss ht tm pbe syscall nx pdpe1gb rdtscp lm constant_tsc arch_perfmon pebs bts rep_good nopl xtopology nonstop_tsc aperfmperf eagerfpu pni pclmulqdq dtes64 monitor ds_cpl vmx smx est tm2 ssse3 fma cx16 xtpr pdcm pcid sse4_1 sse4_2 x2apic movbe popcnt tsc_deadline_timer aes xsave avx f16c rdrand lahf_lm abm ida arat epb xsaveopt pln pts dtherm tpr_shadow vnmi flexpriority ept vpid fsgsbase tsc_adjust bmi1 hle avx2 smep bmi2 erms invpcid rtm
bogomips	: 4988.92
clflush size	: 64
cache_alignment	: 64
address sizes	: 39 bits physical, 48 bits virtual
power management:

processor	: 2
vendor_id	: GenuineIntel
cpu family	: 6
model		: 69
model name	: Intel(R) Core(TM) i5-4300U CPU @ 1.90GHz
stepping	: 1
microcode	: 0x17
cpu MHz		: 1000.000
cache size	: 3072 KB
physical id	: 0
siblings	: 4
core id		: 1
cpu cores	: 2
apicid		: 2
initial apicid	: 2
fpu		: yes
fpu_exception	: yes
cpuid level	: 13
wp		: yes
flags		: fpu vme de pse tsc msr pae mce cx8 apic sep mtrr pge mca cmov pat pse36 clflush dts acpi mmx fxsr sse sse2 ss ht tm pbe syscall nx pdpe1gb rdtscp lm constant_tsc arch_perfmon pebs bts rep_good nopl xtopology nonstop_tsc aperfmperf eagerfpu pni pclmulqdq dtes64 monitor ds_cpl vmx smx est tm2 ssse3 fma cx16 xtpr pdcm pcid sse4_1 sse4_2 x2apic movbe popcnt tsc_deadline_timer aes xsave avx f16c rdrand lahf_lm abm ida arat epb xsaveopt pln pts dtherm tpr_shadow vnmi flexpriority ept vpid fsgsbase tsc_adjust bmi1 hle avx2 smep bmi2 erms invpcid rtm
bogomips	: 4988.92
clflush size	: 64
cache_alignment	: 64
address sizes	: 39 bits physical, 48 bits virtual
power management:

processor	: 3
vendor_id	: GenuineIntel
cpu family	: 6
model		: 69
model name	: Intel(R) Core(TM) i5-4300U CPU @ 1.90GHz
stepping	: 1
microcode	: 0x17
cpu MHz		: 1900.000
cache size	: 3072 KB
physical id	: 0
siblings	: 4
core id		: 1
cpu cores	: 2
apicid		: 3
initial apicid	: 3
fpu		: yes
fpu_exception	: yes
cpuid level	: 13
wp		: yes
flags		: fpu vme de pse tsc msr pae mce cx8 apic sep mtrr pge mca cmov pat pse36 clflush dts acpi mmx fxsr sse sse2 ss ht tm pbe syscall nx pdpe1gb rdtscp lm constant_tsc arch_perfmon pebs bts rep_good nopl xtopology nonstop_tsc aperfmperf eagerfpu pni pclmulqdq dtes64 monitor ds_cpl vmx smx est tm2 ssse3 fma cx16 xtpr pdcm pcid sse4_1 sse4_2 x2apic movbe popcnt tsc_deadline_timer aes xsave avx f16c rdrand lahf_lm abm ida arat epb xsaveopt pln pts dtherm tpr_shadow vnmi flexpriority ept vpid fsgsbase tsc_adjust bmi1 hle avx2 smep bmi2 erms invpcid rtm
bogomips	: 4988.92
clflush size	: 64
cache_alignment	: 64
address sizes	: 39 bits physical, 48 bits virtual
power management:



Memory: 4k page, physical 8064356k(763860k free), swap 8275964k(7930656k free)

vm_info: OpenJDK 64-Bit Server VM (24.79-b02) for linux-amd64 JRE (1.7.0_79-b14), built on Apr 16 2015 08:21:58 by "buildd" with gcc 4.8.2

time: Mon Apr 27 16:53:10 2015
elapsed time: 0 seconds

