#
# A fatal error has been detected by the Java Runtime Environment:
#
#  Internal Error (javaClasses.cpp:126), pid=9736, tid=6104
#  fatal error: Invalid layout of preloaded class
#
# JRE version:  (8.0_31-b13) (build )
# Java VM: Java HotSpot(TM) 64-Bit Server VM (25.31-b07 mixed mode windows-amd64 compressed oops)
# Failed to write core dump. Minidumps are not enabled by default on client versions of Windows
#
# If you would like to submit a bug report, please visit:
#   http://bugreport.java.com/bugreport/crash.jsp
#

---------------  T H R E A D  ---------------

Current thread (0x0000000001e7e800):  JavaThread "Unknown thread" [_thread_in_vm, id=6104, stack(0x0000000002100000,0x0000000002200000)]

Stack: [0x0000000002100000,0x0000000002200000]
Native frames: (J=compiled Java code, j=interpreted, Vv=VM code, C=native code)
V  [jvm.dll+0x3169ba]
V  [jvm.dll+0x2674c3]
V  [jvm.dll+0x268103]
V  [jvm.dll+0x25f876]
V  [jvm.dll+0x5e443]
V  [jvm.dll+0x5e533]
V  [jvm.dll+0x72e9a]
V  [jvm.dll+0x73208]
V  [jvm.dll+0xe4997]
V  [jvm.dll+0xe4d26]
V  [jvm.dll+0x1fa057]
V  [jvm.dll+0x22b694]
V  [jvm.dll+0x14d8c1]
C  [javaw.exe+0x20c6]
C  [javaw.exe+0xc9eb]
C  [javaw.exe+0xca7f]
C  [kernel32.dll+0x159cd]
C  [ntdll.dll+0x2b891]


---------------  P R O C E S S  ---------------

Java Threads: ( => current thread )

Other Threads:

=>0x0000000001e7e800 (exited) JavaThread "Unknown thread" [_thread_in_vm, id=6104, stack(0x0000000002100000,0x0000000002200000)]

VM state:not at safepoint (not fully initialized)

VM Mutex/Monitor currently owned by a thread: None

GC Heap History (0 events):
No events

Deoptimization events (0 events):
No events

Internal exceptions (0 events):
No events

Events (10 events):
Event: 0.009 loading class java/lang/CharSequence done
Event: 0.009 loading class java/lang/String done
Event: 0.009 loading class java/lang/Class
Event: 0.009 loading class java/lang/reflect/AnnotatedElement
Event: 0.009 loading class java/lang/reflect/AnnotatedElement done
Event: 0.009 loading class java/lang/reflect/GenericDeclaration
Event: 0.009 loading class java/lang/reflect/GenericDeclaration done
Event: 0.009 loading class java/lang/reflect/Type
Event: 0.009 loading class java/lang/reflect/Type done
Event: 0.009 loading class java/lang/Class done


Dynamic libraries:
0x000000013f9b0000 - 0x000000013f9e4000 	C:\Program Files\Java\jre1.8.0_31\bin\javaw.exe
0x00000000779b0000 - 0x0000000077b58000 	C:\windows\SYSTEM32\ntdll.dll
0x0000000077890000 - 0x00000000779af000 	C:\windows\system32\kernel32.dll
0x000007fefd8e0000 - 0x000007fefd94c000 	C:\windows\system32\KERNELBASE.dll
0x000007fefdb30000 - 0x000007fefdc0b000 	C:\windows\system32\ADVAPI32.dll
0x000007feffb50000 - 0x000007feffbef000 	C:\windows\system32\msvcrt.dll
0x000007fefec50000 - 0x000007fefec6f000 	C:\windows\SYSTEM32\sechost.dll
0x000007fefdc10000 - 0x000007fefdd3d000 	C:\windows\system32\RPCRT4.dll
0x0000000077790000 - 0x000000007788a000 	C:\windows\system32\USER32.dll
0x000007feff470000 - 0x000007feff4d7000 	C:\windows\system32\GDI32.dll
0x000007fefdea0000 - 0x000007fefdeae000 	C:\windows\system32\LPK.dll
0x000007feffbf0000 - 0x000007feffcb9000 	C:\windows\system32\USP10.dll
0x000007fefc7a0000 - 0x000007fefc994000 	C:\windows\WinSxS\amd64_microsoft.windows.common-controls_6595b64144ccf1df_6.0.7601.17514_none_fa396087175ac9ac\COMCTL32.dll
0x000007fefde20000 - 0x000007fefde91000 	C:\windows\system32\SHLWAPI.dll
0x000007feff1e0000 - 0x000007feff20e000 	C:\windows\system32\IMM32.DLL
0x000007feff050000 - 0x000007feff159000 	C:\windows\system32\MSCTF.dll
0x00000000706b0000 - 0x0000000070782000 	C:\Program Files\Java\jre1.8.0_31\bin\msvcr100.dll
0x000000006e6e0000 - 0x000000006ef3a000 	C:\Program Files\Java\jre1.8.0_31\bin\server\jvm.dll
0x000007fefc680000 - 0x000007fefc689000 	C:\windows\system32\WSOCK32.dll
0x000007fefec70000 - 0x000007fefecbd000 	C:\windows\system32\WS2_32.dll
0x000007fefec40000 - 0x000007fefec48000 	C:\windows\system32\NSI.dll
0x000007fefb400000 - 0x000007fefb43b000 	C:\windows\system32\WINMM.dll
0x0000000077b80000 - 0x0000000077b87000 	C:\windows\system32\PSAPI.DLL
0x0000000075130000 - 0x000000007513f000 	C:\Program Files\Java\jre1.8.0_31\bin\verify.dll
0x0000000072640000 - 0x0000000072668000 	C:\Program Files\Java\jre1.8.0_31\bin\java.dll
0x00000000745f0000 - 0x0000000074606000 	C:\Program Files\Java\jre1.8.0_31\bin\zip.dll
0x000007fef9890000 - 0x000007fef99b5000 	C:\windows\system32\dbghelp.dll

VM Arguments:
jvm_args: -ea -Dfile.encoding=Cp1252 -Xbootclasspath:C:\Users\Thomas\android-sdks\platforms\android-19\android.jar 
java_command: org.eclipse.jdt.internal.junit.runner.RemoteTestRunner -version 3 -port 51998 -testLoaderClass org.eclipse.jdt.internal.junit.runner.junit3.JUnit3TestLoader -loaderpluginname org.eclipse.jdt.junit.runtime -classNames com.example.cs2114blackjack.GameTest
java_class_path (initial): C:\Users\Thomas\workspace\CS2114blackjack\bin\classes;C:\Users\Thomas\workspace\CS2114blackjack\libs\android-support-v4.jar;C:\Users\Thomas\workspace\Sofia-Support\libs\student.jar;C:\Users\Thomas\workspace\Sofia-Support\libs\sofia-with-dependencies.jar;C:\Users\Thomas\workspace\Sofia-Support\bin\sofia-support.jar;/C:/Program Files/eclipse/configuration/org.eclipse.osgi/204/0/.cp/
Launcher Type: SUN_STANDARD

Environment Variables:
PATH=C:/Program Files/Java/jre1.8.0_31/bin/server;C:/Program Files/Java/jre1.8.0_31/bin;C:/Program Files/Java/jre1.8.0_31/lib/amd64;C:\ProgramData\Oracle\Java\javapath;C:\Program Files (x86)\Intel\iCLS Client\;C:\Program Files\Intel\iCLS Client\;C:\windows\system32;C:\windows;C:\windows\System32\Wbem;C:\windows\System32\WindowsPowerShell\v1.0\;C:\Program Files\Intel\WiFi\bin\;C:\Program Files\Common Files\Intel\WirelessCommon\;C:\Program Files\WIDCOMM\Bluetooth Software\;C:\Program Files\WIDCOMM\Bluetooth Software\syswow64;C:\Program Files\Intel\Intel(R) Management Engine Components\DAL;C:\Program Files\Intel\Intel(R) Management Engine Components\IPT;C:\Program Files (x86)\Intel\Intel(R) Management Engine Components\DAL;C:\Program Files (x86)\Intel\Intel(R) Management Engine Components\IPT;C:\Program Files (x86)\Intel\OpenCL SDK\2.0\bin\x86;C:\Program Files (x86)\Intel\OpenCL SDK\2.0\bin\x64;C:\Program Files (x86)\Common Files\Roxio Shared\OEM\DLLShared\;C:\Program Files (x86)\Common Files\Roxio Shared\OEM\DLLShared\;C:\Program Files (x86)\Common Files\Roxio Shared\OEM\12.0\DLLShared\;C:\Program Files (x86)\Roxio 2010\OEM\AudioCore\;C:\Program Files\Intel\WiFi\bin\;C:\Program Files\Common Files\Intel\WirelessCommon\;C:\Program Files\eclipse;
USERNAME=Thomas
OS=Windows_NT
PROCESSOR_IDENTIFIER=Intel64 Family 6 Model 58 Stepping 9, GenuineIntel



---------------  S Y S T E M  ---------------

OS: Windows 7 , 64 bit Build 7601 Service Pack 1

CPU:total 4 (2 cores per cpu, 2 threads per core) family 6 model 58 stepping 9, cmov, cx8, fxsr, mmx, sse, sse2, sse3, ssse3, sse4.1, sse4.2, popcnt, avx, aes, clmul, erms, ht, tsc, tscinvbit, tscinv

Memory: 4k page, physical 16618020k(12167492k free), swap 33234188k(27863028k free)

vm_info: Java HotSpot(TM) 64-Bit Server VM (25.31-b07) for windows-amd64 JRE (1.8.0_31-b13), built on Dec 17 2014 21:00:28 by "java_re" with MS VC++ 10.0 (VS2010)

time: Mon Apr 27 15:55:24 2015
elapsed time: 0 seconds (0d 0h 0m 0s)

